<?xml version="1.0" encoding="UTF-8"?>
<testsuite name="StudyRegisterTest" tests="4" skipped="0" failures="0" errors="0" timestamp="2026-01-19T13:24:38.677Z" hostname="Victorias-Mac.local" time="0.01">
  <properties/>
  <testcase name="testHuman()" classname="StudyRegisterTest" time="0.006"/>
  <testcase name="testMajor()" classname="StudyRegisterTest" time="0.0"/>
  <testcase name="testAverage()" classname="StudyRegisterTest" time="0.0"/>
  <testcase name="testMinMax()" classname="StudyRegisterTest" time="0.001"/>
  <system-out><![CDATA[]]></system-out>
  <system-err><![CDATA[]]></system-err>
</testsuite>
